2025-10-08 00:10:05,808 INFO [INFO] Asegurando que las tablas núcleo existan...
2025-10-08 00:11:36,190 INFO [INFO] Asegurando que las tablas núcleo existan...
2025-10-08 00:14:47,101 INFO [INFO] Asegurando que las tablas núcleo existan...
2025-10-08 00:17:05,100 INFO [INFO] Asegurando que las tablas núcleo existan...
2025-10-08 00:19:34,611 INFO [INFO] Asegurando que las tablas núcleo existan...
2025-10-08 00:21:24,769 INFO [INFO] Asegurando que las tablas núcleo existan...
2025-10-08 00:21:48,411 INFO [INFO] Asegurando que las tablas núcleo existan...
2025-10-08 00:23:50,097 INFO [INFO] Asegurando que las tablas núcleo existan...
2025-10-08 00:24:37,769 INFO [INFO] Asegurando que las tablas núcleo existan...
2025-10-08 00:31:06,559 INFO [INFO] Asegurando que las tablas núcleo existan...
2025-10-08 00:34:33,169 INFO [INFO] Asegurando que las tablas núcleo existan...
2025-10-08 00:37:03,584 INFO [INFO] Asegurando que las tablas núcleo existan...
2025-10-08 00:38:57,598 INFO [INFO] Asegurando que las tablas núcleo existan...
2025-10-08 00:47:06,319 INFO [INFO] Asegurando que las tablas núcleo existan...
2025-10-08 00:49:09,987 INFO [INFO] Asegurando que las tablas núcleo existan...
2025-10-08 00:54:02,739 INFO [INFO] Asegurando que las tablas núcleo existan...
2025-10-08 01:02:39,226 INFO [INFO] Asegurando que las tablas núcleo existan...
2025-10-08 01:11:51,240 INFO [INFO] Asegurando que las tablas núcleo existan...
2025-10-08 01:16:07,536 INFO [INFO] Asegurando que las tablas núcleo existan...
2025-10-08 01:19:39,827 INFO [INFO] Asegurando que las tablas núcleo existan...
2025-10-08 01:20:44,344 INFO [INFO] Asegurando que las tablas núcleo existan...
2025-10-08 01:21:56,990 INFO [INFO] Asegurando que las tablas núcleo existan...
2025-10-08 01:22:57,576 INFO [INFO] Asegurando que las tablas núcleo existan...
2025-10-08 01:26:46,407 INFO [INFO] Asegurando que las tablas núcleo existan...
2025-10-08 01:32:48,016 INFO [INFO] Asegurando que las tablas núcleo existan...
2025-10-08 01:48:15,096 INFO [INFO] Asegurando que las tablas núcleo existan...
2025-10-08 02:20:36,324 INFO [INFO] Asegurando que las tablas núcleo existan...
2025-10-08 02:28:26,552 INFO [INFO] Asegurando que las tablas núcleo existan...
2025-10-08 02:30:10,476 INFO [INFO] Asegurando que las tablas núcleo existan...
2025-10-08 02:33:41,064 INFO [INFO] Asegurando que las tablas núcleo existan...
2025-10-08 02:37:31,410 INFO [INFO] Asegurando que las tablas núcleo existan...
2025-10-08 02:38:55,321 INFO [INFO] Asegurando que las tablas núcleo existan...
2025-10-08 02:40:07,293 INFO [INFO] Asegurando que las tablas núcleo existan...
2025-10-08 02:42:22,859 INFO [INFO] Asegurando que las tablas núcleo existan...
2025-10-08 02:52:28,808 INFO [INFO] Asegurando que las tablas núcleo existan...
2025-10-08 02:54:09,697 INFO [INFO] Asegurando que las tablas núcleo existan...
2025-10-08 02:55:42,069 INFO [INFO] Asegurando que las tablas núcleo existan...
2025-10-08 02:59:13,796 INFO [INFO] Asegurando que las tablas núcleo existan...
2025-10-08 02:59:53,255 INFO [INFO] Asegurando que las tablas núcleo existan...
2025-10-08 03:01:10,387 INFO [INFO] Asegurando que las tablas núcleo existan...
2025-10-08 03:02:30,478 INFO [INFO] Asegurando que las tablas núcleo existan...
2025-10-08 03:02:47,603 INFO [INFO] Asegurando que las tablas núcleo existan...
2025-10-08 03:05:38,118 INFO [INFO] Asegurando que las tablas núcleo existan...
2025-10-08 03:06:46,338 INFO [INFO] Asegurando que las tablas núcleo existan...
2025-10-08 03:08:50,622 INFO [INFO] Asegurando que las tablas núcleo existan...
2025-10-08 15:25:54,022 INFO [INFO] Asegurando que las tablas núcleo existan...
2025-10-08 15:42:45,228 INFO [INFO] Asegurando que las tablas núcleo existan...
2025-10-08 15:48:40,064 INFO [INFO] Asegurando que las tablas núcleo existan...
2025-10-08 15:50:19,107 INFO [INFO] Asegurando que las tablas núcleo existan...
2025-10-08 15:51:23,999 INFO [INFO] Asegurando que las tablas núcleo existan...
2025-10-08 15:53:48,244 INFO [INFO] Asegurando que las tablas núcleo existan...
2025-10-08 15:58:29,498 INFO [INFO] Asegurando que las tablas núcleo existan...
2025-10-08 16:00:39,458 INFO [INFO] Asegurando que las tablas núcleo existan...
2025-10-10 14:37:28,492 INFO [INFO] Asegurando que las tablas núcleo existan...
2025-10-10 14:47:28,618 INFO [INFO] Asegurando que las tablas núcleo existan...
2025-10-10 14:47:41,941 INFO [INFO] Asegurando que las tablas núcleo existan...
2025-10-10 14:50:30,732 INFO [INFO] Asegurando que las tablas núcleo existan...
2025-10-10 14:51:21,041 INFO [INFO] Asegurando que las tablas núcleo existan...
2025-10-10 14:52:48,137 INFO [INFO] Asegurando que las tablas núcleo existan...
2025-10-10 15:07:07,412 INFO [INFO] Asegurando que las tablas núcleo existan...
2025-10-10 15:18:42,105 INFO [INFO] Asegurando que las tablas núcleo existan...
2025-10-10 15:19:45,379 INFO [INFO] Asegurando que las tablas núcleo existan...
2025-10-10 15:22:59,369 INFO [INFO] Asegurando que las tablas núcleo existan...
2025-10-10 15:25:37,337 INFO [INFO] Asegurando que las tablas núcleo existan...
2025-10-10 15:26:48,252 INFO [INFO] Asegurando que las tablas núcleo existan...
2025-10-10 15:27:27,205 INFO [INFO] Asegurando que las tablas núcleo existan...
2025-10-10 15:29:07,808 INFO [INFO] Asegurando que las tablas núcleo existan...
2025-10-10 15:33:16,391 INFO [INFO] Asegurando que las tablas núcleo existan...
2025-10-10 15:34:48,257 INFO [INFO] Asegurando que las tablas núcleo existan...
2025-10-10 15:36:06,592 INFO [INFO] Asegurando que las tablas núcleo existan...
2025-10-10 15:41:21,711 INFO [INFO] Asegurando que las tablas núcleo existan...
2025-10-10 15:45:03,628 INFO [INFO] Asegurando que las tablas núcleo existan...
2025-10-10 15:54:37,039 INFO [INFO] Asegurando que las tablas núcleo existan...
2025-10-10 16:00:58,682 INFO [INFO] Asegurando que las tablas núcleo existan...
2025-10-10 16:19:05,985 INFO [INFO] Asegurando que las tablas núcleo existan...
2025-10-10 16:21:35,100 INFO [INFO] Asegurando que las tablas núcleo existan...
2025-10-10 16:39:20,999 INFO [INFO] Asegurando que las tablas núcleo existan...
2025-10-10 16:50:46,050 INFO [INFO] Asegurando que las tablas núcleo existan...
2025-10-10 16:54:24,760 INFO [INFO] Asegurando que las tablas núcleo existan...
2025-10-10 16:57:17,993 INFO [INFO] Asegurando que las tablas núcleo existan...
2025-10-10 16:59:02,291 INFO [INFO] Asegurando que las tablas núcleo existan...
2025-10-10 17:05:27,713 INFO [INFO] Asegurando que las tablas núcleo existan...
2025-10-10 17:10:15,921 INFO [INFO] Asegurando que las tablas núcleo existan...
2025-10-10 17:14:48,681 INFO [INFO] Asegurando que las tablas núcleo existan...
2025-10-10 18:22:06,718 INFO [INFO] Asegurando que las tablas núcleo existan...
2025-10-10 18:24:50,883 INFO [INFO] Asegurando que las tablas núcleo existan...
2025-10-10 18:29:29,263 INFO [INFO] Asegurando que las tablas núcleo existan...
2025-10-11 20:59:44,761 INFO [INFO] Asegurando que las tablas núcleo existan...
2025-10-11 21:10:35,708 INFO [INFO] Asegurando que las tablas núcleo existan...
2025-10-11 21:30:42,833 INFO [INFO] Asegurando que las tablas núcleo existan...
2025-10-11 21:36:56,518 INFO [INFO] Asegurando que las tablas núcleo existan...
2025-10-11 22:24:16,868 INFO [INFO] Asegurando que las tablas núcleo existan...
2025-10-11 22:26:39,443 INFO [INFO] Asegurando que las tablas núcleo existan...
2025-10-11 22:28:17,045 INFO [INFO] Asegurando que las tablas núcleo existan...
2025-10-11 23:41:02,527 INFO [INFO] Asegurando que las tablas núcleo existan...
2025-10-11 23:44:08,063 INFO [INFO] Asegurando que las tablas núcleo existan...
2025-10-12 12:07:50,301 INFO [INFO] Asegurando que las tablas núcleo existan...
2025-10-12 12:11:01,496 INFO [INFO] Asegurando que las tablas núcleo existan...
2025-10-12 12:18:43,937 INFO [INFO] Asegurando que las tablas núcleo existan...
2025-10-12 13:21:00,330 INFO [INFO] Asegurando que las tablas núcleo existan...
2025-10-12 13:22:21,563 INFO [INFO] Asegurando que las tablas núcleo existan...
2025-10-12 13:25:02,375 INFO [INFO] Asegurando que las tablas núcleo existan...
2025-10-12 13:34:11,757 INFO [INFO] Asegurando que las tablas núcleo existan...
2025-10-12 13:56:23,188 INFO [INFO] Asegurando que las tablas núcleo existan...
2025-10-12 14:46:42,821 INFO [INFO] Asegurando que las tablas núcleo existan...
2025-10-12 14:49:01,389 INFO [INFO] Asegurando que las tablas núcleo existan...
2025-10-12 14:50:40,709 INFO [INFO] Asegurando que las tablas núcleo existan...
2025-10-12 14:52:02,034 INFO [INFO] Asegurando que las tablas núcleo existan...
2025-10-12 14:53:40,099 INFO [INFO] Asegurando que las tablas núcleo existan...
2025-10-12 14:55:25,823 INFO [INFO] Asegurando que las tablas núcleo existan...
2025-10-12 14:59:04,687 INFO [INFO] Asegurando que las tablas núcleo existan...
2025-10-12 15:06:58,834 INFO [INFO] Asegurando que las tablas núcleo existan...
2025-10-12 15:08:40,352 INFO [INFO] Asegurando que las tablas núcleo existan...
2025-10-12 15:16:22,850 INFO [INFO] Asegurando que las tablas núcleo existan...
2025-10-12 15:24:18,683 INFO [INFO] Asegurando que las tablas núcleo existan...
2025-10-12 15:26:19,073 INFO [INFO] Asegurando que las tablas núcleo existan...
2025-10-12 15:30:51,147 INFO [INFO] Asegurando que las tablas núcleo existan...
2025-10-12 15:33:37,121 INFO [INFO] Asegurando que las tablas núcleo existan...
2025-10-12 15:34:12,103 INFO [INFO] Asegurando que las tablas núcleo existan...
2025-10-12 15:34:37,467 INFO [INFO] Asegurando que las tablas núcleo existan...
2025-10-12 15:34:49,071 INFO [INFO] Asegurando que las tablas núcleo existan...
2025-10-12 15:44:23,902 INFO [INFO] Asegurando que las tablas núcleo existan...
2025-10-12 15:53:29,352 INFO [INFO] Asegurando que las tablas núcleo existan...
2025-10-12 15:54:54,301 INFO [INFO] Asegurando que las tablas núcleo existan...
2025-10-12 15:55:31,720 INFO [INFO] Asegurando que las tablas núcleo existan...
2025-10-12 15:57:38,054 INFO [INFO] Asegurando que las tablas núcleo existan...
2025-10-12 15:59:16,610 INFO [INFO] Asegurando que las tablas núcleo existan...
2025-10-12 16:02:14,793 INFO [INFO] Asegurando que las tablas núcleo existan...
2025-10-12 16:04:30,722 INFO [INFO] Asegurando que las tablas núcleo existan...
2025-10-12 16:04:42,512 INFO [INFO] Asegurando que las tablas núcleo existan...
2025-10-12 16:08:24,790 INFO [INFO] Asegurando que las tablas núcleo existan...
2025-10-12 16:10:40,696 INFO [INFO] Asegurando que las tablas núcleo existan...
2025-10-12 16:16:47,067 INFO [INFO] Asegurando que las tablas núcleo existan...
2025-10-12 16:22:01,903 INFO [INFO] Asegurando que las tablas núcleo existan...
2025-10-12 21:36:13,351 INFO [INFO] Asegurando que las tablas núcleo existan...
2025-10-12 21:41:29,384 INFO [INFO] Asegurando que las tablas núcleo existan...
2025-10-12 21:46:00,935 INFO [INFO] Asegurando que las tablas núcleo existan...
2025-10-12 21:49:15,366 INFO [INFO] Asegurando que las tablas núcleo existan...
2025-10-12 21:51:15,018 INFO [INFO] Asegurando que las tablas núcleo existan...
2025-10-12 21:54:25,250 INFO [INFO] Asegurando que las tablas núcleo existan...
2025-10-12 21:59:25,239 INFO [INFO] Asegurando que las tablas núcleo existan...
2025-10-12 22:02:21,988 INFO [INFO] Asegurando que las tablas núcleo existan...
2025-10-12 22:04:49,781 INFO [INFO] Asegurando que las tablas núcleo existan...
2025-10-17 12:14:51,953 INFO [INFO] Asegurando que las tablas núcleo existan...
2025-10-17 12:23:27,920 INFO [INFO] Asegurando que las tablas núcleo existan...
2025-10-17 12:26:24,212 INFO [INFO] Asegurando que las tablas núcleo existan...
2025-10-17 12:28:37,566 INFO [INFO] Asegurando que las tablas núcleo existan...
2025-10-17 12:35:30,447 INFO [INFO] Asegurando que las tablas núcleo existan...
2025-10-17 12:37:00,039 INFO [INFO] Asegurando que las tablas núcleo existan...
2025-10-17 12:44:11,778 INFO [INFO] Asegurando que las tablas núcleo existan...
2025-10-17 12:48:13,860 INFO [INFO] Asegurando que las tablas núcleo existan...
2025-10-17 12:54:56,732 INFO [INFO] Asegurando que las tablas núcleo existan...
2025-10-17 13:01:53,653 INFO [INFO] Asegurando que las tablas núcleo existan...
2025-10-17 13:03:43,140 INFO [INFO] Asegurando que las tablas núcleo existan...
2025-10-17 13:08:13,910 INFO [INFO] Asegurando que las tablas núcleo existan...
2025-10-17 13:09:05,031 INFO [INFO] Asegurando que las tablas núcleo existan...
2025-10-17 13:11:26,595 INFO [INFO] Asegurando que las tablas núcleo existan...
2025-10-17 13:12:38,816 INFO [INFO] Asegurando que las tablas núcleo existan...
2025-10-17 13:15:03,841 INFO [INFO] Asegurando que las tablas núcleo existan...
2025-10-17 13:15:29,991 INFO Carpeta base seleccionada: E:\Dropbox\TRABAJOS\INGENIERIA\EQUIPOS PESADOS\CONDUCES
2025-10-17 13:15:30,009 INFO Conduce guardado: destino=E:\Dropbox\TRABAJOS\INGENIERIA\EQUIPOS PESADOS\CONDUCES\2025\10\00596.jpeg relative=2025/10/00596.jpeg
2025-10-17 13:15:32,399 INFO Ruta relativa guardada (adjunto): 2025/10/00596.jpeg
2025-10-17 13:17:35,124 INFO [INFO] Asegurando que las tablas núcleo existan...
2025-10-17 13:18:29,697 ERROR Excepción no controlada:
Traceback (most recent call last):
  File "E:\Dropbox\PROGAIN\EQUIPOS PyQT6\mini_editor_imagen.py", line 327, in wheelEvent
    self.zoom_out()
    ~~~~~~~~~~~~~^^
  File "E:\Dropbox\PROGAIN\EQUIPOS PyQT6\mini_editor_imagen.py", line 244, in zoom_out
    self.view.scale(1 / 1.2, 1 / 1.2)
    ^^^^^^^^^
AttributeError: 'MiniEditorImagen' object has no attribute 'view'
NoneType: None
2025-10-17 13:20:11,802 INFO [INFO] Asegurando que las tablas núcleo existan...
2025-10-17 13:20:34,412 INFO [INFO] Asegurando que las tablas núcleo existan...
2025-10-17 13:21:17,368 INFO [INFO] Asegurando que las tablas núcleo existan...
2025-10-17 13:21:32,555 ERROR Excepción no controlada:
Traceback (most recent call last):
  File "E:\Dropbox\PROGAIN\EQUIPOS PyQT6\mini_editor_imagen.py", line 327, in wheelEvent
    self.zoom_out()
    ~~~~~~~~~~~~~^^
  File "E:\Dropbox\PROGAIN\EQUIPOS PyQT6\mini_editor_imagen.py", line 244, in zoom_out
    self.view.scale(1 / 1.2, 1 / 1.2)
    ^^^^^^^^^
AttributeError: 'MiniEditorImagen' object has no attribute 'view'
NoneType: None
2025-10-17 13:23:02,542 INFO [INFO] Asegurando que las tablas núcleo existan...
2025-10-17 13:23:31,872 ERROR Excepción no controlada:
Traceback (most recent call last):
  File "E:\Dropbox\PROGAIN\EQUIPOS PyQT6\mini_editor_imagen.py", line 327, in wheelEvent
    self.zoom_out()
    ~~~~~~~~~~~~~^^
  File "E:\Dropbox\PROGAIN\EQUIPOS PyQT6\mini_editor_imagen.py", line 244, in zoom_out
    self.view.scale(1 / 1.2, 1 / 1.2)
    ^^^^^^^^^
AttributeError: 'MiniEditorImagen' object has no attribute 'view'
NoneType: None
2025-10-17 13:27:01,381 INFO [INFO] Asegurando que las tablas núcleo existan...
2025-10-17 13:31:48,601 INFO Aplicación finalizada con exit_code=0
2025-10-17 13:31:54,728 INFO [INFO] Asegurando que las tablas núcleo existan...
2025-10-17 13:32:29,640 INFO Imagen editada y guardada en: E:/Dropbox/TRABAJOS/INGENIERIA/EQUIPOS PESADOS/CONDUCES\2025\09\00575.jpeg
2025-10-17 13:33:52,833 INFO Aplicación finalizada con exit_code=0
2025-10-20 13:53:39,949 INFO [INFO] Asegurando que las tablas núcleo existan...
2025-10-20 13:54:10,708 ERROR Excepción no controlada:
Traceback (most recent call last):
  File "E:\Dropbox\PROGAIN\EQUIPOS PyQT6\ventana_gestion_entidad.py", line 143, in guardar
    resultado = self.db.guardar_entidad(datos, entidad_id)
                ^^^^^^^^^^^^^^^^^^^^^^^
AttributeError: 'DatabaseManager' object has no attribute 'guardar_entidad'. Did you mean: 'guardar_equipo'?
NoneType: None
2025-10-20 13:56:01,261 INFO [INFO] Asegurando que las tablas núcleo existan...
2025-10-20 13:56:20,287 ERROR Excepción no controlada:
Traceback (most recent call last):
  File "E:\Dropbox\PROGAIN\EQUIPOS PyQT6\ventana_gestion_entidad.py", line 143, in guardar
    resultado = self.db.guardar_entidad(datos, entidad_id)
                ^^^^^^^^^^^^^^^^^^^^^^^
AttributeError: 'DatabaseManager' object has no attribute 'guardar_entidad'. Did you mean: 'guardar_equipo'?
NoneType: None
2025-10-20 13:58:08,338 INFO [INFO] Asegurando que las tablas núcleo existan...
2025-10-20 13:58:10,453 INFO Aplicación finalizada con exit_code=0
2025-10-20 13:59:49,623 INFO [INFO] Asegurando que las tablas núcleo existan...
2025-10-20 13:59:49,624 ERROR Error creando/asegurando tablas: 'DatabaseManager' object has no attribute 'asegurar_tabla_equipos_entidades'
Traceback (most recent call last):
  File "E:\Dropbox\PROGAIN\EQUIPOS PyQT6\main_qt.py", line 135, in main
    db_manager.asegurar_tabla_equipos_entidades()  # <-- AÑADE ESTA LÍNEA
    ^^^^^^^^^^^^^^^^^^^^^^^^^^^^^^^^^^^^^^^^^^^
AttributeError: 'DatabaseManager' object has no attribute 'asegurar_tabla_equipos_entidades'
2025-10-20 14:00:21,551 INFO [INFO] Asegurando que las tablas núcleo existan...
2025-10-20 14:00:21,553 ERROR Error creando/asegurando tablas: 'DatabaseManager' object has no attribute 'asegurar_tabla_equipos_entidades'
Traceback (most recent call last):
  File "E:\Dropbox\PROGAIN\EQUIPOS PyQT6\main_qt.py", line 135, in main
    db_manager.asegurar_tabla_equipos_entidades()  # <-- AÑADE ESTA LÍNEA
    ^^^^^^^^^^^^^^^^^^^^^^^^^^^^^^^^^^^^^^^^^^^
AttributeError: 'DatabaseManager' object has no attribute 'asegurar_tabla_equipos_entidades'
2025-10-20 14:02:50,546 INFO [INFO] Asegurando que las tablas núcleo existan...
2025-10-20 14:02:50,547 ERROR Error creando/asegurando tablas: 'DatabaseManager' object has no attribute 'asegurar_tabla_equipos_entidades'
Traceback (most recent call last):
  File "E:\Dropbox\PROGAIN\EQUIPOS PyQT6\main_qt.py", line 135, in main
    db_manager.asegurar_tabla_equipos_entidades()  # <-- AÑADE ESTA LÍNEA
    ^^^^^^^^^^^^^^^^^^^^^^^^^^^^^^^^^^^^^^^^^^^
AttributeError: 'DatabaseManager' object has no attribute 'asegurar_tabla_equipos_entidades'
2025-10-20 14:03:32,494 INFO [INFO] Asegurando que las tablas núcleo existan...
2025-10-20 14:03:32,495 INFO Tabla equipos_entidades asegurada
2025-10-20 14:03:52,845 INFO Nueva entidad creada: nombre=cliente prueba, tipo=Cliente
2025-10-20 14:03:58,662 ERROR Excepción no controlada:
Traceback (most recent call last):
  File "E:\Dropbox\PROGAIN\EQUIPOS PyQT6\ventana_gestion_entidad.py", line 85, in eliminar
    exito = self.db.eliminar_entidad_equipo(entidad['id'])
            ^^^^^^^^^^^^^^^^^^^^^^^^^^^^^^^
AttributeError: 'DatabaseManager' object has no attribute 'eliminar_entidad_equipo'. Did you mean: 'eliminar_entidad'?
NoneType: None
2025-10-20 14:06:59,506 INFO [INFO] Asegurando que las tablas núcleo existan...
2025-10-20 14:06:59,507 INFO Tabla equipos_entidades asegurada
2025-10-20 14:07:05,775 INFO Entidad marcada como inactiva: ID=34
2025-10-20 14:09:29,639 INFO Entidad marcada como inactiva: ID=34
2025-10-20 14:16:05,764 INFO Aplicación finalizada con exit_code=0
2025-10-20 14:18:03,873 INFO [INFO] Asegurando que las tablas núcleo existan...
2025-10-20 14:18:03,874 INFO Tabla equipos_entidades asegurada
2025-10-20 14:18:15,267 INFO Entidad marcada como inactiva: ID=34
2025-10-20 14:19:42,958 INFO Entidad actualizada: ID=31, nombre=JHONATTAN ROJAS RIVAR
2025-10-20 14:28:08,933 INFO Aplicación finalizada con exit_code=0
2025-10-20 14:30:27,318 INFO [INFO] Asegurando que las tablas núcleo existan...
2025-10-20 14:30:27,319 INFO Tabla equipos_entidades asegurada
2025-10-20 14:31:44,044 INFO Entidad actualizada: ID=31, nombre=JHONATTAN ROJAS NIVAR
2025-10-20 14:31:54,063 INFO Aplicación finalizada con exit_code=0
2025-10-20 14:32:48,142 INFO [INFO] Asegurando que las tablas núcleo existan...
2025-10-20 14:32:48,143 INFO Tabla equipos_entidades asegurada
2025-10-20 14:33:06,406 INFO Aplicación finalizada con exit_code=0
2025-10-20 15:00:29,086 INFO [INFO] Asegurando que las tablas núcleo existan...
2025-10-20 15:00:29,087 INFO Tabla equipos_entidades asegurada
2025-10-20 15:03:23,024 INFO Aplicación finalizada con exit_code=0
2025-10-20 15:09:10,378 INFO [INFO] Asegurando que las tablas núcleo existan...
2025-10-20 15:09:10,380 INFO Tabla equipos_entidades asegurada
2025-10-20 15:09:23,362 INFO Modo edición detectado (transaccion_id=ca79bcbf038c46a290e23c7b6fbe70e2), cerrando diálogo
2025-10-20 15:09:39,769 INFO Modo edición detectado (transaccion_id=ca79bcbf038c46a290e23c7b6fbe70e2), cerrando diálogo
2025-10-20 15:09:44,844 INFO Aplicación finalizada con exit_code=0
